# JRE version: OpenJDK Runtime Environment (8.0_402-b06) (build 1.8.0_402-b06)
# Java VM: OpenJDK 64-Bit Server VM (25.402-b06 mixed mode windows-amd64 compressed oops)
Heap:
 PSYoungGen      total 141824K, used 8617K [0x000000076ac00000, 0x000000077c100000, 0x00000007c0000000)
  eden space 131072K, 6% used [0x000000076ac00000,0x000000076b46a620,0x0000000772c00000)
  from space 10752K, 0% used [0x0000000772c00000,0x0000000772c00000,0x0000000773680000)
  to   space 10752K, 0% used [0x000000077b680000,0x000000077b680000,0x000000077c100000)
 ParOldGen       total 126464K, used 17226K [0x00000006c0400000, 0x00000006c7f80000, 0x000000076ac00000)
  object space 126464K, 13% used [0x00000006c0400000,0x00000006c14d2b50,0x00000006c7f80000)
 Metaspace       used 21765K, capacity 22028K, committed 22400K, reserved 1069056K
  class space    used 2757K, capacity 2854K, committed 2944K, reserved 1048576K
GC Heap History (8 events):
Event: 0.934 GC heap before
{Heap before GC invocations=1 (full 0):
 PSYoungGen      total 76288K, used 65536K [0x000000076ac00000, 0x0000000770100000, 0x00000007c0000000)
  eden space 65536K, 100% used [0x000000076ac00000,0x000000076ec00000,0x000000076ec00000)
  from space 10752K, 0% used [0x000000076f680000,0x000000076f680000,0x0000000770100000)
  to   space 10752K, 0% used [0x000000076ec00000,0x000000076ec00000,0x000000076f680000)
 ParOldGen       total 175104K, used 0K [0x00000006c0400000, 0x00000006caf00000, 0x000000076ac00000)
  object space 175104K, 0% used [0x00000006c0400000,0x00000006c0400000,0x00000006caf00000)
 Metaspace       used 10174K, capacity 10324K, committed 10624K, reserved 1058816K
  class space    used 1213K, capacity 1288K, committed 1408K, reserved 1048576K
Event: 0.947 GC heap after
Heap after GC invocations=1 (full 0):
 PSYoungGen      total 76288K, used 10730K [0x000000076ac00000, 0x0000000774100000, 0x00000007c0000000)
  eden space 65536K, 0% used [0x000000076ac00000,0x000000076ac00000,0x000000076ec00000)
  from space 10752K, 99% used [0x000000076ec00000,0x000000076f67a808,0x000000076f680000)
  to   space 10752K, 0% used [0x0000000773680000,0x0000000773680000,0x0000000774100000)
 ParOldGen       total 175104K, used 3685K [0x00000006c0400000, 0x00000006caf00000, 0x000000076ac00000)
  object space 175104K, 2% used [0x00000006c0400000,0x00000006c0799400,0x00000006caf00000)
 Metaspace       used 10174K, capacity 10324K, committed 10624K, reserved 1058816K
  class space    used 1213K, capacity 1288K, committed 1408K, reserved 1048576K
}
Event: 1.709 GC heap before
{Heap before GC invocations=2 (full 0):
 PSYoungGen      total 76288K, used 76266K [0x000000076ac00000, 0x0000000774100000, 0x00000007c0000000)
  eden space 65536K, 100% used [0x000000076ac00000,0x000000076ec00000,0x000000076ec00000)
  from space 10752K, 99% used [0x000000076ec00000,0x000000076f67a808,0x000000076f680000)
  to   space 10752K, 0% used [0x0000000773680000,0x0000000773680000,0x0000000774100000)
 ParOldGen       total 175104K, used 3685K [0x00000006c0400000, 0x00000006caf00000, 0x000000076ac00000)
  object space 175104K, 2% used [0x00000006c0400000,0x00000006c0799400,0x00000006caf00000)
 Metaspace       used 17376K, capacity 17590K, committed 17920K, reserved 1064960K
  class space    used 2215K, capacity 2291K, committed 2304K, reserved 1048576K
Event: 1.727 GC heap after
Heap after GC invocations=2 (full 0):
 PSYoungGen      total 141824K, used 10740K [0x000000076ac00000, 0x0000000774100000, 0x00000007c0000000)
  eden space 131072K, 0% used [0x000000076ac00000,0x000000076ac00000,0x0000000772c00000)
  from space 10752K, 99% used [0x0000000773680000,0x00000007740fd1f8,0x0000000774100000)
  to   space 10752K, 0% used [0x0000000772c00000,0x0000000772c00000,0x0000000773680000)
 ParOldGen       total 175104K, used 11590K [0x00000006c0400000, 0x00000006caf00000, 0x000000076ac00000)
  object space 175104K, 6% used [0x00000006c0400000,0x00000006c0f519a8,0x00000006caf00000)
 Metaspace       used 17376K, capacity 17590K, committed 17920K, reserved 1064960K
  class space    used 2215K, capacity 2291K, committed 2304K, reserved 1048576K
}
Event: 2.479 GC heap before
{Heap before GC invocations=3 (full 0):
 PSYoungGen      total 141824K, used 53457K [0x000000076ac00000, 0x0000000774100000, 0x00000007c0000000)
  eden space 131072K, 32% used [0x000000076ac00000,0x000000076d5b74d8,0x0000000772c00000)
  from space 10752K, 99% used [0x0000000773680000,0x00000007740fd1f8,0x0000000774100000)
  to   space 10752K, 0% used [0x0000000772c00000,0x0000000772c00000,0x0000000773680000)
 ParOldGen       total 175104K, used 11590K [0x00000006c0400000, 0x00000006caf00000, 0x000000076ac00000)
  object space 175104K, 6% used [0x00000006c0400000,0x00000006c0f519a8,0x00000006caf00000)
 Metaspace       used 20815K, capacity 21068K, committed 21248K, reserved 1067008K
  class space    used 2649K, capacity 2726K, committed 2816K, reserved 1048576K
Event: 2.496 GC heap after
Heap after GC invocations=3 (full 0):
 PSYoungGen      total 141824K, used 10720K [0x000000076ac00000, 0x000000077c100000, 0x00000007c0000000)
  eden space 131072K, 0% used [0x000000076ac00000,0x000000076ac00000,0x0000000772c00000)
  from space 10752K, 99% used [0x0000000772c00000,0x0000000773678330,0x0000000773680000)
  to   space 10752K, 0% used [0x000000077b680000,0x000000077b680000,0x000000077c100000)
 ParOldGen       total 175104K, used 16896K [0x00000006c0400000, 0x00000006caf00000, 0x000000076ac00000)
  object space 175104K, 9% used [0x00000006c0400000,0x00000006c14803e8,0x00000006caf00000)
 Metaspace       used 20815K, capacity 21068K, committed 21248K, reserved 1067008K
  class space    used 2649K, capacity 2726K, committed 2816K, reserved 1048576K
}
Event: 2.496 GC heap before
{Heap before GC invocations=4 (full 1):
 PSYoungGen      total 141824K, used 10720K [0x000000076ac00000, 0x000000077c100000, 0x00000007c0000000)
  eden space 131072K, 0% used [0x000000076ac00000,0x000000076ac00000,0x0000000772c00000)
  from space 10752K, 99% used [0x0000000772c00000,0x0000000773678330,0x0000000773680000)
  to   space 10752K, 0% used [0x000000077b680000,0x000000077b680000,0x000000077c100000)
 ParOldGen       total 175104K, used 16896K [0x00000006c0400000, 0x00000006caf00000, 0x000000076ac00000)
  object space 175104K, 9% used [0x00000006c0400000,0x00000006c14803e8,0x00000006caf00000)
 Metaspace       used 20815K, capacity 21068K, committed 21248K, reserved 1067008K
  class space    used 2649K, capacity 2726K, committed 2816K, reserved 1048576K
Event: 2.553 GC heap after
Heap after GC invocations=4 (full 1):
 PSYoungGen      total 141824K, used 0K [0x000000076ac00000, 0x000000077c100000, 0x00000007c0000000)
  eden space 131072K, 0% used [0x000000076ac00000,0x000000076ac00000,0x0000000772c00000)
  from space 10752K, 0% used [0x0000000772c00000,0x0000000772c00000,0x0000000773680000)
  to   space 10752K, 0% used [0x000000077b680000,0x000000077b680000,0x000000077c100000)
 ParOldGen       total 126464K, used 17226K [0x00000006c0400000, 0x00000006c7f80000, 0x000000076ac00000)
  object space 126464K, 13% used [0x00000006c0400000,0x00000006c14d2b50,0x00000006c7f80000)
 Metaspace       used 20815K, capacity 21068K, committed 21248K, reserved 1067008K
  class space    used 2649K, capacity 2726K, committed 2816K, reserved 1048576K
}

